Watching for file changes with StatReloader
[03/Jun/2026 22:54:45] "GET /admin/ HTTP/1.1" 200 28435
[03/Jun/2026 22:54:45] "GET /static/admin/css/shadcn-admin.css HTTP/1.1" 200 23011
[03/Jun/2026 22:54:51] "GET /admin/login/ HTTP/1.1" 302 0
[03/Jun/2026 22:54:51] "GET /admin/ HTTP/1.1" 200 28435
[03/Jun/2026 22:54:51] "GET /static/admin/css/shadcn-admin.css HTTP/1.1" 304 0
[03/Jun/2026 22:54:57] "GET /admin/logout/ HTTP/1.1" 200 1174
[03/Jun/2026 22:54:57] "GET /static/admin/css/shadcn-admin.css HTTP/1.1" 304 0
[03/Jun/2026 22:54:59] "GET /admin/login/?next=/admin/ HTTP/1.1" 200 2386
[03/Jun/2026 22:54:59] "GET /static/admin/css/shadcn-admin.css HTTP/1.1" 304 0
[03/Jun/2026 22:55:25] "GET /admin/ HTTP/1.1" 302 0
[03/Jun/2026 22:55:25] "GET /admin/login/?next=/admin/ HTTP/1.1" 200 2386
[03/Jun/2026 22:55:25] "GET /static/admin/css/shadcn-admin.css HTTP/1.1" 304 0
[03/Jun/2026 22:55:37] "POST /admin/login/ HTTP/1.1" 302 0
[03/Jun/2026 22:55:37] "GET /admin/ HTTP/1.1" 200 40765
[03/Jun/2026 22:55:37] "GET /static/admin/css/shadcn-admin.css HTTP/1.1" 304 0
[03/Jun/2026 22:55:47] "GET /admin/product/product/ HTTP/1.1" 200 18768
[03/Jun/2026 22:55:47] "GET /static/admin/css/shadcn-admin.css HTTP/1.1" 304 0
[03/Jun/2026 22:55:54] "GET /admin/order/order/ HTTP/1.1" 200 18762
[03/Jun/2026 22:55:54] "GET /static/admin/css/shadcn-admin.css HTTP/1.1" 304 0
[03/Jun/2026 22:56:00] "GET /admin/user/customuser/ HTTP/1.1" 200 18813
[03/Jun/2026 22:56:01] "GET /static/admin/css/shadcn-admin.css HTTP/1.1" 304 0
[03/Jun/2026 22:56:21] "GET /admin/product/product/ HTTP/1.1" 200 19777
[03/Jun/2026 22:56:21] "GET /static/admin/css/shadcn-admin.css HTTP/1.1" 304 0
